INFO:user_log:—читывание файла C:/Users/cyril/Desktop/—амолет/јвгуст/5. —верка на 31.07.2023г/ћосква/ѕодольские кварталы (–€зановское 1)/ќ—¬.xlsx
INFO:user_log:—умма по данному документу: 552221053.2000002
INFO:user_log:—читывание файла +—чета+Ёскроу+и+операции+по+ним+05.06.2023+2001.xlsx
INFO:user_log:—читывание файла +—чета+Ёскроу+и+операции+по+ним+05.06.2023+2002.xlsx
INFO:user_log:—читывание файла +—чета+Ёскроу+и+операции+по+ним+05.06.2023+2003.xlsx
INFO:user_log:—читывание файла +—чета+Ёскроу+и+операции+по+ним+06.06.2023+2001.xlsx
INFO:user_log:—читывание файла +—чета+Ёскроу+и+операции+по+ним+06.06.2023+2003.xlsx
INFO:user_log:—читывание файла +—чета+Ёскроу+и+операции+по+ним+07.06.2023+2002.xlsx
INFO:user_log:—читывание файла +—чета+Ёскроу+и+операции+по+ним+13.06.2023+2001.xlsx
INFO:user_log:—читывание файла +—чета+Ёскроу+и+операции+по+ним+13.06.2023+2003.xlsx
INFO:user_log:—читывание файла +—чета+Ёскроу+и+операции+по+ним+15.06.2023+2001.xlsx
INFO:user_log:—читывание файла +—чета+Ёскроу+и+операции+по+ним+20.06.2023+2001.xlsx
INFO:user_log:—читывание файла +—чета+Ёскроу+и+операции+по+ним+2001.xlsx
INFO:user_log:—читывание файла +—чета+Ёскроу+и+операции+по+ним+2003.xlsx
INFO:user_log:—читывание файла +—чета+Ёскроу+и+операции+по+ним+21.06.2023+2001.xlsx
INFO:user_log:—читывание файла +—чета+Ёскроу+и+операции+по+ним+21.06.2023+2003.xlsx
INFO:user_log:—читывание файла +—чета+Ёскроу+и+операции+по+ним+23.06.2023+2002.xlsx
INFO:user_log:—читывание файла +—чета+Ёскроу+и+операции+по+ним+26.05.2023+2001.xlsx
INFO:user_log:—читывание файла +—чета+Ёскроу+и+операции+по+ним+26.06.2023+2001.xlsx
INFO:user_log:—читывание файла +—чета+Ёскроу+и+операции+по+ним+26.06.2023+2003.xlsx
INFO:user_log:—читывание файла +—чета+Ёскроу+и+операции+по+ним+27.06.2023+2001.xlsx
INFO:user_log:—читывание файла +—чета+Ёскроу+и+операции+по+ним+28.06.2023+2001.xlsx
INFO:user_log:—читывание файла +—чета+Ёскроу+и+операции+по+ним+28.06.2023+2003.xlsx
INFO:user_log:—читывание файла +—чета+Ёскроу+и+операции+по+ним+29.06.2023+2001.xlsx
INFO:user_log:—читывание файла +—чета+Ёскроу+и+операции+по+ним+29.06.2023+2002.xlsx
INFO:user_log:—читывание файла +—чета+Ёскроу+и+операции+по+ним+31.05.2023+2001.xlsx
INFO:user_log:—читывание файла +—чета+Ёскроу+и+операции+по+ним+31.05.2023+2003.xlsx
INFO:user_log:—читывание файла +—чета+Ёскроу+и+операции+по+ним+за+04.07.2023_2001.xlsx
INFO:user_log:—читывание файла +—чета+Ёскроу+и+операции+по+ним+за+04.07.2023_2002.xlsx
INFO:user_log:—читывание файла +—чета+Ёскроу+и+операции+по+ним+за+05.07.2023_2001.xlsx
INFO:user_log:—читывание файла +—чета+Ёскроу+и+операции+по+ним+за+05.07.2023_2003.xlsx
INFO:user_log:—читывание файла +—чета+Ёскроу+и+операции+по+ним+за+06.07.2023_+2002.xlsx
INFO:user_log:—читывание файла +—чета+Ёскроу+и+операции+по+ним+за+06.07.2023_2001.xlsx
INFO:user_log:—читывание файла +—чета+Ёскроу+и+операции+по+ним+за+07.07.2023_+2002.xlsx
INFO:user_log:—читывание файла +—чета+Ёскроу+и+операции+по+ним+за+07.07.2023_2003.xlsx
INFO:user_log:—читывание файла +—чета+Ёскроу+и+операции+по+ним+за+10.07.2023_+2002.xlsx
INFO:user_log:—читывание файла +—чета+Ёскроу+и+операции+по+ним+за+10.07.2023_2001.xlsx
INFO:user_log:—читывание файла +—чета+Ёскроу+и+операции+по+ним+за+10.07.2023_2003.xlsx
INFO:user_log:—читывание файла +—чета+Ёскроу+и+операции+по+ним+за+11.07.2023_+2002.xlsx
INFO:user_log:—читывание файла +—чета+Ёскроу+и+операции+по+ним+за+11.07.2023_2001.xlsx
INFO:user_log:—читывание файла +—чета+Ёскроу+и+операции+по+ним+за+12.07.2023_2003.xlsx
INFO:user_log:—читывание файла +—чета+Ёскроу+и+операции+по+ним+за+13.07.2023_2001.xlsx
INFO:user_log:—читывание файла +—чета+Ёскроу+и+операции+по+ним+за+13.07.2023_2003.xlsx
INFO:user_log:—читывание файла +—чета+Ёскроу+и+операции+по+ним+за+17.07.2023_2001.xlsx
INFO:user_log:—читывание файла +—чета+Ёскроу+и+операции+по+ним+за+18.07.2023_+2002.xlsx
INFO:user_log:—читывание файла +—чета+Ёскроу+и+операции+по+ним+за+20.07.2023_+2002.xlsx
INFO:user_log:—читывание файла +—чета+Ёскроу+и+операции+по+ним+за+20.07.2023_2001.xlsx
INFO:user_log:—читывание файла +—чета+Ёскроу+и+операции+по+ним+за+20.07.2023_2003.xlsx
INFO:user_log:—читывание файла +—чета+Ёскроу+и+операции+по+ним+за+21.07.2023_2001.xlsx
INFO:user_log:—читывание файла +—чета+Ёскроу+и+операции+по+ним+за+21.07.2023_2003.xlsx
INFO:user_log:—читывание файла +—чета+Ёскроу+и+операции+по+ним+за+24.07.2023_+2002.xlsx
INFO:user_log:—читывание файла +—чета+Ёскроу+и+операции+по+ним+за+24.07.2023_2004.xlsx
INFO:user_log:—читывание файла +—чета+Ёскроу+и+операции+по+ним+за+25.07.2023_2001.xlsx
INFO:user_log:—читывание файла +—чета+Ёскроу+и+операции+по+ним+за+25.07.2023_2003.xlsx
INFO:user_log:—читывание файла +—чета+Ёскроу+и+операции+по+ним+за+26.07.2023_2003.xlsx
INFO:user_log:—читывание файла +—чета+Ёскроу+и+операции+по+ним+за+27.07.2023_2001.xlsx
INFO:user_log:—читывание файла +—чета+Ёскроу+и+операции+по+ним+за+27.07.2023_2003.xlsx
INFO:user_log:—читывание файла +—чета+Ёскроу+и+операции+по+ним+за+28.07.2023_+2002.xlsx
INFO:user_log:—читывание файла +—чета+Ёскроу+и+операции+по+ним+за+31.07.2023_+2002.xlsx
INFO:user_log:—читывание файла +—чета+Ёскроу+и+операции+по+ним+за+31.07.2023_2001.xlsx
INFO:user_log:—читывание файла +—чета+Ёскроу+и+операции+по+ним+за+31.07.2023_2003.xlsx
INFO:user_log:—читывание файла +—чета+Ёскроу+и+операции+по+нимза+05.07.2023_+2002.xlsx
INFO:user_log:—читывание файла 18.05.2023+—чета+Ёскроу+и+операции+по+ним_2001.xlsx
INFO:user_log:—читывание файла 19.05.2023+—чета+Ёскроу+и+операции+по+ним+2001.xlsx
INFO:user_log:—читывание файла 22.05.2023+—чета+Ёскроу+и+операции+по+ним+2001.xlsx
INFO:user_log:—читывание файла 23.05.2023+—чета+Ёскроу+и+операции+по+ним+2001.xlsx
INFO:user_log:—читывание файла 23.05.2023+—чета+Ёскроу+и+операции+по+ним+2003.xlsx
INFO:user_log:—читывание файла 24.05.2023+—чета+Ёскроу+и+операции+по+ним+2001.xlsx
INFO:user_log:—читывание файла 24.05.2023+—чета+Ёскроу+и+операции+по+ним+2002.xlsx
INFO:user_log:—читывание файла јлександров 3.xlsx
INFO:user_log:—читывание файла јлександров.xlsx
INFO:user_log:—читывание файла јлександров_2.xlsx
INFO:user_log:—читывание файла —чета+Ёскроу+и+операции+по+ним+01.06.2023+2001.xlsx
INFO:user_log:—читывание файла —чета+Ёскроу+и+операции+по+ним+01.06.2023+2002.xlsx
INFO:user_log:—читывание файла —чета+Ёскроу+и+операции+по+ним+02.06.2023+2002.xlsx
INFO:user_log:—читывание файла —чета+Ёскроу+и+операции+по+ним+02.06.2023+2003.xlsx
INFO:user_log:—читывание файла —чета+Ёскроу+и+операции+по+ним+06.06.2023+2002.xlsx
INFO:user_log:—читывание файла —чета+Ёскроу+и+операции+по+ним+07.06.2023+2001.xlsx
INFO:user_log:—читывание файла —чета+Ёскроу+и+операции+по+ним+07.06.2023+2003.xlsx
INFO:user_log:—читывание файла —чета+Ёскроу+и+операции+по+ним+08.06.2023+2002.xlsx
INFO:user_log:—читывание файла —чета+Ёскроу+и+операции+по+ним+08.06.2023+2003.xlsx
INFO:user_log:—читывание файла —чета+Ёскроу+и+операции+по+ним+08.06.2023+2004.xlsx
INFO:user_log:—читывание файла —чета+Ёскроу+и+операции+по+ним+09.06.2023+2001.xlsx
INFO:user_log:—читывание файла —чета+Ёскроу+и+операции+по+ним+09.06.2023+2002.xlsx
INFO:user_log:—читывание файла —чета+Ёскроу+и+операции+по+ним+09.06.2023+2003.xlsx
INFO:user_log:—читывание файла —чета+Ёскроу+и+операции+по+ним+13.06.2023+2002.xlsx
INFO:user_log:—читывание файла —чета+Ёскроу+и+операции+по+ним+14.06.2023+2001.xlsx
INFO:user_log:—читывание файла —чета+Ёскроу+и+операции+по+ним+14.06.2023+2002.xlsx
INFO:user_log:—читывание файла —чета+Ёскроу+и+операции+по+ним+14.06.2023+2003.xlsx
INFO:user_log:—читывание файла —чета+Ёскроу+и+операции+по+ним+15.06.2023+2002.xlsx
INFO:user_log:—читывание файла —чета+Ёскроу+и+операции+по+ним+15.06.2023+2003.xlsx
INFO:user_log:—читывание файла —чета+Ёскроу+и+операции+по+ним+16.06.2023+2001.xlsx
INFO:user_log:—читывание файла —чета+Ёскроу+и+операции+по+ним+16.06.2023+2002.xlsx
INFO:user_log:—читывание файла —чета+Ёскроу+и+операции+по+ним+16.06.2023+2003.xlsx
INFO:user_log:—читывание файла —чета+Ёскроу+и+операции+по+ним+19.06.2023+2001.xlsx
INFO:user_log:—читывание файла —чета+Ёскроу+и+операции+по+ним+19.06.2023+2002.xlsx
INFO:user_log:—читывание файла —чета+Ёскроу+и+операции+по+ним+19.06.2023+2003.xlsx
INFO:user_log:—читывание файла —чета+Ёскроу+и+операции+по+ним+20.06.2023+2002.xlsx
INFO:user_log:—читывание файла —чета+Ёскроу+и+операции+по+ним+20.06.2023+2003.xlsx
INFO:user_log:—читывание файла —чета+Ёскроу+и+операции+по+ним+2002.xlsx
INFO:user_log:—читывание файла —чета+Ёскроу+и+операции+по+ним+2003+замена+отчета.xlsx
INFO:user_log:—читывание файла —чета+Ёскроу+и+операции+по+ним+21.06.2023+2002.xlsx
INFO:user_log:—читывание файла —чета+Ёскроу+и+операции+по+ним+22.06.2023+2001.xlsx
INFO:user_log:—читывание файла —чета+Ёскроу+и+операции+по+ним+22.06.2023+2002.xlsx
INFO:user_log:—читывание файла —чета+Ёскроу+и+операции+по+ним+22.06.2023+2003.xlsx
INFO:user_log:—читывание файла —чета+Ёскроу+и+операции+по+ним+23.06.2023+2001.xlsx
INFO:user_log:—читывание файла —чета+Ёскроу+и+операции+по+ним+23.06.2023+2003.xlsx
INFO:user_log:—читывание файла —чета+Ёскроу+и+операции+по+ним+25.05.2023+2001.xlsx
INFO:user_log:—читывание файла —чета+Ёскроу+и+операции+по+ним+25.05.2023+2002.xlsx
INFO:user_log:—читывание файла —чета+Ёскроу+и+операции+по+ним+25.05.2023+2003.xlsx
INFO:user_log:—читывание файла —чета+Ёскроу+и+операции+по+ним+26.05.2023+2002.xlsx
INFO:user_log:—читывание файла —чета+Ёскроу+и+операции+по+ним+26.05.2023+2003.xlsx
INFO:user_log:—читывание файла —чета+Ёскроу+и+операции+по+ним+27.06.2023+2002.xlsx
INFO:user_log:—читывание файла —чета+Ёскроу+и+операции+по+ним+27.06.2023+2003.xlsx
INFO:user_log:—читывание файла —чета+Ёскроу+и+операции+по+ним+28.06.2023+2002.xlsx
INFO:user_log:—читывание файла —чета+Ёскроу+и+операции+по+ним+29.05.2023+2001.xlsx
INFO:user_log:—читывание файла —чета+Ёскроу+и+операции+по+ним+29.05.2023+2002.xlsx
INFO:user_log:—читывание файла —чета+Ёскроу+и+операции+по+ним+29.05.2023+2003.xlsx
INFO:user_log:—читывание файла —чета+Ёскроу+и+операции+по+ним+30.05.2023+2001.xlsx
INFO:user_log:—читывание файла —чета+Ёскроу+и+операции+по+ним+30.05.2023+2002.xlsx
INFO:user_log:—читывание файла —чета+Ёскроу+и+операции+по+ним+30.05.2023+2003.xlsx
INFO:user_log:—читывание файла —чета+Ёскроу+и+операции+по+ним+30.06.2023+2001.xlsx
INFO:user_log:—читывание файла —чета+Ёскроу+и+операции+по+ним+30.06.2023+2003.xlsx
INFO:user_log:—читывание файла —чета+Ёскроу+и+операции+по+ним+31.05.2023+2002.xlsx
INFO:user_log:—читывание файла —чета+Ёскроу+и+операции+по+ним+за+04.07.2023_+2003.xlsx
INFO:user_log:—читывание файла —чета+Ёскроу+и+операции+по+ним+за+06.07.2023_2003.xlsx
INFO:user_log:—читывание файла —чета+Ёскроу+и+операции+по+ним+за+07.07.2023_2001.xlsx
INFO:user_log:—читывание файла —чета+Ёскроу+и+операции+по+ним+за+11.07.2023_2003.xlsx
INFO:user_log:—читывание файла —чета+Ёскроу+и+операции+по+ним+за+12.07.2023_+2002.xlsx
INFO:user_log:—читывание файла —чета+Ёскроу+и+операции+по+ним+за+12.07.2023_2001.xlsx
INFO:user_log:—читывание файла —чета+Ёскроу+и+операции+по+ним+за+13.07.2023_+2002.xlsx
INFO:user_log:—читывание файла —чета+Ёскроу+и+операции+по+ним+за+14.07.2023_+2002.xlsx
INFO:user_log:—читывание файла —чета+Ёскроу+и+операции+по+ним+за+14.07.2023_2001.xlsx
INFO:user_log:—читывание файла —чета+Ёскроу+и+операции+по+ним+за+14.07.2023_2003.xlsx
INFO:user_log:—читывание файла —чета+Ёскроу+и+операции+по+ним+за+17.07.2023_+2002.xlsx
INFO:user_log:—читывание файла —чета+Ёскроу+и+операции+по+ним+за+17.07.2023_2003.xlsx
INFO:user_log:—читывание файла —чета+Ёскроу+и+операции+по+ним+за+17.07.2023_2004.xlsx
INFO:user_log:—читывание файла —чета+Ёскроу+и+операции+по+ним+за+18.07.2023_2001.xlsx
INFO:user_log:—читывание файла —чета+Ёскроу+и+операции+по+ним+за+18.07.2023_2003.xlsx
INFO:user_log:—читывание файла —чета+Ёскроу+и+операции+по+ним+за+18.07.2023_2004.xlsx
INFO:user_log:—читывание файла —чета+Ёскроу+и+операции+по+ним+за+19.07.2023_+2002.xlsx
INFO:user_log:—читывание файла —чета+Ёскроу+и+операции+по+ним+за+19.07.2023_2001.xlsx
INFO:user_log:—читывание файла —чета+Ёскроу+и+операции+по+ним+за+19.07.2023_2003.xlsx
INFO:user_log:—читывание файла —чета+Ёскроу+и+операции+по+ним+за+19.07.2023_2004.xlsx
INFO:user_log:—читывание файла —чета+Ёскроу+и+операции+по+ним+за+20.07.2023_2004.xlsx
INFO:user_log:—читывание файла —чета+Ёскроу+и+операции+по+ним+за+21.07.2023_+2002.xlsx
INFO:user_log:—читывание файла —чета+Ёскроу+и+операции+по+ним+за+21.07.2023_2004.xlsx
INFO:user_log:—читывание файла —чета+Ёскроу+и+операции+по+ним+за+24.07.2023_2001.xlsx
INFO:user_log:—читывание файла —чета+Ёскроу+и+операции+по+ним+за+24.07.2023_2003.xlsx
INFO:user_log:—читывание файла —чета+Ёскроу+и+операции+по+ним+за+25.07.2023_+2002.xlsx
INFO:user_log:—читывание файла —чета+Ёскроу+и+операции+по+ним+за+25.07.2023_2004.xlsx
INFO:user_log:—читывание файла —чета+Ёскроу+и+операции+по+ним+за+26.07.2023_+2002.xlsx
INFO:user_log:—читывание файла —чета+Ёскроу+и+операции+по+ним+за+26.07.2023_2001.xlsx
INFO:user_log:—читывание файла —чета+Ёскроу+и+операции+по+ним+за+26.07.2023_2004.xlsx
INFO:user_log:—читывание файла —чета+Ёскроу+и+операции+по+ним+за+27.07.2023_+2002.xlsx
INFO:user_log:—читывание файла —чета+Ёскроу+и+операции+по+ним+за+27.07.2023_2004.xlsx
INFO:user_log:—читывание файла —чета+Ёскроу+и+операции+по+ним+за+28.07.2023_2001.xlsx
INFO:user_log:—читывание файла —чета+Ёскроу+и+операции+по+ним+за+28.07.2023_2003.xlsx
INFO:user_log:—читывание файла —чета+Ёскроу+и+операции+по+ним+за+28.07.2023_2004.xlsx
INFO:user_log:—читывание файла —чета+Ёскроу+и+операции+по+ним+за+31.07.2023_2004.xlsx
INFO:user_log:—умма по данному документу: 552221053.1999999
INFO:user_log:Ќачало процедуры нахождени€ соответствий в файлах
INFO:user_log:ќформление результирующего листа
INFO:user_log:¬ходные суммы по банку и Ѕ»“ равны рассчитанным!
—умма по вход€щему банковскому файлу: 552221053.1999999
—умма по обработанному банковскому файлу: 552221053.2
—умма по вход€щему бухгалтерскому файлу: 552221053.2000002
—умма по обработанному бухгалтерскому файлу: 552221053.2
 оличество прочитанных банковских файлов: 158
